Arguments: 
  /home/randia/.nvm/versions/node/v14.0.0/bin/node /home/randia/.nvm/versions/node/v14.0.0/bin/yarn add prettier esLint-plugin-prettier esLint-config-prettier babel-esLint

PATH: 
  /home/randia/.local/bin:/home/randia/.nvm/versions/node/v14.0.0/bin:/usr/local/sbin:/usr/local/bin:/usr/sbin:/usr/bin:/sbin:/bin:/usr/games:/usr/local/games:/mnt/c/Program Files/Eclipse Foundation/jdk-11.0.12.7-hotspot/bin:/mnt/c/Program Files (x86)/Intel/iCLS Client/:/mnt/c/Program Files/Intel/iCLS Client/:/mnt/c/Windows/system32:/mnt/c/Windows:/mnt/c/Windows/System32/Wbem:/mnt/c/Windows/System32/WindowsPowerShell/v1.0/:/mnt/c/Program Files (x86)/NVIDIA Corporation/PhysX/Common:/mnt/c/WINDOWS/system32:/mnt/c/WINDOWS:/mnt/c/WINDOWS/System32/Wbem:/mnt/c/WINDOWS/System32/WindowsPowerShell/v1.0/:/mnt/c/WINDOWS/System32/OpenSSH/:/mnt/c/Program Files (x86)/Intel/Intel(R) Management Engine Components/DAL:/mnt/c/Program Files/Intel/Intel(R) Management Engine Components/DAL:/mnt/c/Program Files (x86)/Intel/Intel(R) Management Engine Components/IPT:/mnt/c/Program Files/Intel/Intel(R) Management Engine Components/IPT:/mnt/c/Program Files/Git/cmd:/mnt/c/Program Files/nodejs/:/mnt/c/Users/LENOVO/AppData/Local/Android/Sdk/platform-tools:/mnt/c/Users/LENOVO/AppData/Local/Microsoft/WindowsApps:/mnt/c/Program Files/heroku/bin:/mnt/c/Users/LENOVO/AppData/Local/Programs/Microsoft VS Code/bin:/mnt/c/Users/LENOVO/AppData/Roaming/npm:/snap/bin:/home/randia/../../mnt/c/Users/LENOVO/AppData/Local/Android/Sdk/emulator:/home/randia/../../mnt/c/Users/LENOVO/AppData/Local/Android/Sdk/platform-tools

Yarn version: 
  1.22.19

Node version: 
  14.0.0

Platform: 
  linux x64

Trace: 
  Error: https://registry.yarnpkg.com/esLint-plugin-prettier: Not found
      at Request.params.callback [as _callback] (/home/randia/.nvm/versions/node/v14.0.0/lib/node_modules/yarn/lib/cli.js:66145:18)
      at Request.self.callback (/home/randia/.nvm/versions/node/v14.0.0/lib/node_modules/yarn/lib/cli.js:140890:22)
      at Request.emit (events.js:315:20)
      at Request.<anonymous> (/home/randia/.nvm/versions/node/v14.0.0/lib/node_modules/yarn/lib/cli.js:141862:10)
      at Request.emit (events.js:315:20)
      at IncomingMessage.<anonymous> (/home/randia/.nvm/versions/node/v14.0.0/lib/node_modules/yarn/lib/cli.js:141784:12)
      at Object.onceWrapper (events.js:421:28)
      at IncomingMessage.emit (events.js:327:22)
      at endReadableNT (_stream_readable.js:1218:12)
      at processTicksAndRejections (internal/process/task_queues.js:84:21)

npm manifest: 
  {
    "name": "eat-app",
    "version": "1.0.0",
    "main": "node_modules/expo/AppEntry.js",
    "scripts": {
      "start": "expo start",
      "android": "expo start --android",
      "ios": "expo start --ios",
      "web": "expo start --web"
    },
    "dependencies": {
      "expo": "^44.0.6",
      "expo-auth-session": "^4.0.3",
      "expo-crypto": "~12.2.1",
      "expo-status-bar": "~1.4.4",
      "expo-updates": "^0.16.4",
      "expo-web-browser": "~12.1.1",
      "google-auth-library": "^8.8.0",
      "react": "18.2.0",
      "react-native": "0.71.7"
    },
    "devDependencies": {
      "@babel/core": "^7.20.0"
    },
    "private": true
  }

yarn manifest: 
  No manifest

Lockfile: 
  No lockfile
